c:\users\brandon\desktop\grapple-jump\grapple_jump\grapple_jump\debug\vc141.pdb
c:\users\brandon\desktop\grapple-jump\grapple_jump\grapple_jump\debug\vc141.idb
c:\users\brandon\desktop\grapple-jump\grapple_jump\grapple_jump\debug\tile.obj
c:\users\brandon\desktop\grapple-jump\grapple_jump\grapple_jump\debug\hookpoint.obj
c:\users\brandon\desktop\grapple-jump\grapple_jump\grapple_jump\debug\ground.obj
c:\users\brandon\desktop\grapple-jump\grapple_jump\grapple_jump\debug\aabb.obj
c:\users\brandon\desktop\grapple-jump\grapple_jump\grapple_jump\debug\main.obj
c:\users\brandon\desktop\grapple-jump\grapple_jump\grapple_jump\debug\tilemap.obj
c:\users\brandon\desktop\grapple-jump\grapple_jump\grapple_jump\debug\player.obj
c:\users\brandon\desktop\grapple-jump\grapple_jump\grapple_jump\debug\move.obj
c:\users\brandon\desktop\grapple-jump\grapple_jump\grapple_jump\debug\land.obj
c:\users\brandon\desktop\grapple-jump\grapple_jump\grapple_jump\debug\jump.obj
c:\users\brandon\desktop\grapple-jump\grapple_jump\grapple_jump\debug\idle.obj
c:\users\brandon\desktop\grapple-jump\grapple_jump\grapple_jump\debug\grapplinghook.obj
c:\users\brandon\desktop\grapple-jump\grapple_jump\grapple_jump\debug\game.obj
c:\users\brandon\desktop\grapple-jump\grapple_jump\grapple_jump\debug\fall.obj
c:\users\brandon\desktop\grapple-jump\grapple_jump\grapple_jump\debug\animation.obj
c:\users\brandon\desktop\grapple-jump\grapple_jump\debug\grapple_jump.exe
c:\users\brandon\desktop\grapple-jump\grapple_jump\debug\grapple_jump.ilk
c:\users\brandon\desktop\grapple-jump\grapple_jump\debug\grapple_jump.pdb
c:\users\brandon\desktop\grapple-jump\grapple_jump\grapple_jump\debug\grapple_jump.tlog\cl.command.1.tlog
c:\users\brandon\desktop\grapple-jump\grapple_jump\grapple_jump\debug\grapple_jump.tlog\cl.read.1.tlog
c:\users\brandon\desktop\grapple-jump\grapple_jump\grapple_jump\debug\grapple_jump.tlog\cl.write.1.tlog
c:\users\brandon\desktop\grapple-jump\grapple_jump\grapple_jump\debug\grapple_jump.tlog\link.command.1.tlog
c:\users\brandon\desktop\grapple-jump\grapple_jump\grapple_jump\debug\grapple_jump.tlog\link.read.1.tlog
c:\users\brandon\desktop\grapple-jump\grapple_jump\grapple_jump\debug\grapple_jump.tlog\link.write.1.tlog
